# JRE version: Java(TM) SE Runtime Environment (8.0_121-b13) (build 1.8.0_121-b13)
# Java VM: Java HotSpot(TM) 64-Bit Server VM (25.121-b13 mixed mode bsd-amd64 compressed oops)
Heap:
 par new generation   total 4992K, used 3882K [0x00000007a8000000, 0x00000007a8560000, 0x00000007b0000000)
  eden space 4480K,  85% used [0x00000007a8000000, 0x00000007a83c3298, 0x00000007a8460000)
  from space 512K,   5% used [0x00000007a84e0000, 0x00000007a84e7850, 0x00000007a8560000)
  to   space 512K,   0% used [0x00000007a8460000, 0x00000007a8460000, 0x00000007a84e0000)
 concurrent mark-sweep generation total 10944K, used 3027K [0x00000007b0000000, 0x00000007b0ab0000, 0x00000007c0000000)
 Metaspace       used 3278K, capacity 4664K, committed 4864K, reserved 1056768K
  class space    used 353K, capacity 424K, committed 512K, reserved 1048576K
GC Heap History (10 events):
Event: 782.826 GC heap before
{Heap before GC invocations=99 (full 8):
 par new generation   total 4992K, used 4804K [0x00000007a8000000, 0x00000007a8560000, 0x00000007b0000000)
  eden space 4480K, 100% used [0x00000007a8000000, 0x00000007a8460000, 0x00000007a8460000)
  from space 512K,  63% used [0x00000007a8460000, 0x00000007a84b10d0, 0x00000007a84e0000)
  to   space 512K,   0% used [0x00000007a84e0000, 0x00000007a84e0000, 0x00000007a8560000)
 concurrent mark-sweep generation total 10944K, used 2114K [0x00000007b0000000, 0x00000007b0ab0000, 0x00000007c0000000)
 Metaspace       used 3278K, capacity 4664K, committed 4864K, reserved 1056768K
  class space    used 353K, capacity 424K, committed 512K, reserved 1048576K
Event: 782.827 GC heap after
Heap after GC invocations=100 (full 8):
 par new generation   total 4992K, used 28K [0x00000007a8000000, 0x00000007a8560000, 0x00000007b0000000)
  eden space 4480K,   0% used [0x00000007a8000000, 0x00000007a8000000, 0x00000007a8460000)
  from space 512K,   5% used [0x00000007a84e0000, 0x00000007a84e7040, 0x00000007a8560000)
  to   space 512K,   0% used [0x00000007a8460000, 0x00000007a8460000, 0x00000007a84e0000)
 concurrent mark-sweep generation total 10944K, used 2411K [0x00000007b0000000, 0x00000007b0ab0000, 0x00000007c0000000)
 Metaspace       used 3278K, capacity 4664K, committed 4864K, reserved 1056768K
  class space    used 353K, capacity 424K, committed 512K, reserved 1048576K
}
Event: 782.865 GC heap before
{Heap before GC invocations=100 (full 8):
 par new generation   total 4992K, used 4508K [0x00000007a8000000, 0x00000007a8560000, 0x00000007b0000000)
  eden space 4480K, 100% used [0x00000007a8000000, 0x00000007a8460000, 0x00000007a8460000)
  from space 512K,   5% used [0x00000007a84e0000, 0x00000007a84e7040, 0x00000007a8560000)
  to   space 512K,   0% used [0x00000007a8460000, 0x00000007a8460000, 0x00000007a84e0000)
 concurrent mark-sweep generation total 10944K, used 2411K [0x00000007b0000000, 0x00000007b0ab0000, 0x00000007c0000000)
 Metaspace       used 3278K, capacity 4664K, committed 4864K, reserved 1056768K
  class space    used 353K, capacity 424K, committed 512K, reserved 1048576K
Event: 782.866 GC heap after
Heap after GC invocations=101 (full 8):
 par new generation   total 4992K, used 324K [0x00000007a8000000, 0x00000007a8560000, 0x00000007b0000000)
  eden space 4480K,   0% used [0x00000007a8000000, 0x00000007a8000000, 0x00000007a8460000)
  from space 512K,  63% used [0x00000007a8460000, 0x00000007a84b10d0, 0x00000007a84e0000)
  to   space 512K,   0% used [0x00000007a84e0000, 0x00000007a84e0000, 0x00000007a8560000)
 concurrent mark-sweep generation total 10944K, used 2411K [0x00000007b0000000, 0x00000007b0ab0000, 0x00000007c0000000)
 Metaspace       used 3278K, capacity 4664K, committed 4864K, reserved 1056768K
  class space    used 353K, capacity 424K, committed 512K, reserved 1048576K
}
Event: 782.949 GC heap before
{Heap before GC invocations=101 (full 8):
 par new generation   total 4992K, used 4804K [0x00000007a8000000, 0x00000007a8560000, 0x00000007b0000000)
  eden space 4480K, 100% used [0x00000007a8000000, 0x00000007a8460000, 0x00000007a8460000)
  from space 512K,  63% used [0x00000007a8460000, 0x00000007a84b10d0, 0x00000007a84e0000)
  to   space 512K,   0% used [0x00000007a84e0000, 0x00000007a84e0000, 0x00000007a8560000)
 concurrent mark-sweep generation total 10944K, used 2411K [0x00000007b0000000, 0x00000007b0ab0000, 0x00000007c0000000)
 Metaspace       used 3278K, capacity 4664K, committed 4864K, reserved 1056768K
  class space    used 353K, capacity 424K, committed 512K, reserved 1048576K
Event: 782.949 GC heap after
Heap after GC invocations=102 (full 8):
 par new generation   total 4992K, used 6K [0x00000007a8000000, 0x00000007a8560000, 0x00000007b0000000)
  eden space 4480K,   0% used [0x00000007a8000000, 0x00000007a8000000, 0x00000007a8460000)
  from space 512K,   1% used [0x00000007a84e0000, 0x00000007a84e1830, 0x00000007a8560000)
  to   space 512K,   0% used [0x00000007a8460000, 0x00000007a8460000, 0x00000007a84e0000)
 concurrent mark-sweep generation total 10944K, used 2731K [0x00000007b0000000, 0x00000007b0ab0000, 0x00000007c0000000)
 Metaspace       used 3278K, capacity 4664K, committed 4864K, reserved 1056768K
  class space    used 353K, capacity 424K, committed 512K, reserved 1048576K
}
Event: 782.988 GC heap before
{Heap before GC invocations=102 (full 8):
 par new generation   total 4992K, used 4486K [0x00000007a8000000, 0x00000007a8560000, 0x00000007b0000000)
  eden space 4480K, 100% used [0x00000007a8000000, 0x00000007a8460000, 0x00000007a8460000)
  from space 512K,   1% used [0x00000007a84e0000, 0x00000007a84e1830, 0x00000007a8560000)
  to   space 512K,   0% used [0x00000007a8460000, 0x00000007a8460000, 0x00000007a84e0000)
 concurrent mark-sweep generation total 10944K, used 2731K [0x00000007b0000000, 0x00000007b0ab0000, 0x00000007c0000000)
 Metaspace       used 3278K, capacity 4664K, committed 4864K, reserved 1056768K
  class space    used 353K, capacity 424K, committed 512K, reserved 1048576K
Event: 782.989 GC heap after
Heap after GC invocations=103 (full 8):
 par new generation   total 4992K, used 324K [0x00000007a8000000, 0x00000007a8560000, 0x00000007b0000000)
  eden space 4480K,   0% used [0x00000007a8000000, 0x00000007a8000000, 0x00000007a8460000)
  from space 512K,  63% used [0x00000007a8460000, 0x00000007a84b10d0, 0x00000007a84e0000)
  to   space 512K,   0% used [0x00000007a84e0000, 0x00000007a84e0000, 0x00000007a8560000)
 concurrent mark-sweep generation total 10944K, used 2731K [0x00000007b0000000, 0x00000007b0ab0000, 0x00000007c0000000)
 Metaspace       used 3278K, capacity 4664K, committed 4864K, reserved 1056768K
  class space    used 353K, capacity 424K, committed 512K, reserved 1048576K
}
Event: 783.020 GC heap before
{Heap before GC invocations=103 (full 8):
 par new generation   total 4992K, used 4804K [0x00000007a8000000, 0x00000007a8560000, 0x00000007b0000000)
  eden space 4480K, 100% used [0x00000007a8000000, 0x00000007a8460000, 0x00000007a8460000)
  from space 512K,  63% used [0x00000007a8460000, 0x00000007a84b10d0, 0x00000007a84e0000)
  to   space 512K,   0% used [0x00000007a84e0000, 0x00000007a84e0000, 0x00000007a8560000)
 concurrent mark-sweep generation total 10944K, used 2731K [0x00000007b0000000, 0x00000007b0ab0000, 0x00000007c0000000)
 Metaspace       used 3278K, capacity 4664K, committed 4864K, reserved 1056768K
  class space    used 353K, capacity 424K, committed 512K, reserved 1048576K
Event: 783.021 GC heap after
Heap after GC invocations=104 (full 8):
 par new generation   total 4992K, used 30K [0x00000007a8000000, 0x00000007a8560000, 0x00000007b0000000)
  eden space 4480K,   0% used [0x00000007a8000000, 0x00000007a8000000, 0x00000007a8460000)
  from space 512K,   5% used [0x00000007a84e0000, 0x00000007a84e7850, 0x00000007a8560000)
  to   space 512K,   0% used [0x00000007a8460000, 0x00000007a8460000, 0x00000007a84e0000)
 concurrent mark-sweep generation total 10944K, used 3027K [0x00000007b0000000, 0x00000007b0ab0000, 0x00000007c0000000)
 Metaspace       used 3278K, capacity 4664K, committed 4864K, reserved 1056768K
  class space    used 353K, capacity 424K, committed 512K, reserved 1048576K
}

